#
# A fatal error has been detected by the Java Runtime Environment:
#
#  EXCEPTION_ACCESS_VIOLATION (0xc0000005) at pc=0x00000000770069a3, pid=34424, tid=0x0000000000007c3c
#
# JRE version: Java(TM) SE Runtime Environment (8.0_211-b12) (build 1.8.0_211-b12)
# Java VM: Java HotSpot(TM) 64-Bit Server VM (25.211-b12 mixed mode windows-amd64 compressed oops)
# Problematic frame:
# V  [jvm.dll+0x1c69a3]
#
# Failed to write core dump. Minidumps are not enabled by default on client versions of Windows
#
# If you would like to submit a bug report, please visit:
#   http://bugreport.java.com/bugreport/crash.jsp
#

---------------  T H R E A D  ---------------

Current thread (0x000000001e27e800):  JavaThread "JDWP Transport Listener: dt_socket" daemon [_thread_in_vm, id=31804, stack(0x000000001eda0000,0x000000001eea0000)]

siginfo: ExceptionCode=0xc0000005, reading address 0x0000000000000022

Registers:
RAX=0x0000000026202020, RBX=0x0000000000000004, RCX=0x0000000000000000, RDX=0x0000000000000002
RSP=0x000000001ee9ed00, RBP=0x000000001ee9ee00, RSI=0x000000001e27e800, RDI=0x00000000286d3fc8
R8 =0x0000000000000004, R9 =0x0000000000000002, R10=0x0000000000000003, R11=0x0000000000000002
R12=0x00000000260c98b0, R13=0x0000000000007eff, R14=0x00000000261fe370, R15=0x00000000286d3fc0
RIP=0x00000000770069a3, EFLAGS=0x0000000000010293

Top of Stack: (sp=0x000000001ee9ed00)
0x000000001ee9ed00:   0000000000000008 000000002457ed00
0x000000001ee9ed10:   0000000000000000 ffffffffc0010000
0x000000001ee9ed20:   00000000d6cc9800 0000000000000000
0x000000001ee9ed30:   0000000700000002 0000000000000002
0x000000001ee9ed40:   0000000000000004 00000000286d3fc8
0x000000001ee9ed50:   0000000000000004 0000000000000004
0x000000001ee9ed60:   00000000286d1f10 0000000000000002
0x000000001ee9ed70:   000000001e27e800 00000000286d3fc0
0x000000001ee9ed80:   000000002457ed00 00000000261fccd8
0x000000001ee9ed90:   000000001e27e800 0000000800000008
0x000000001ee9eda0:   0000000000000030 0000000076f6e998
0x000000001ee9edb0:   0000000000000000 0000000000000000
0x000000001ee9edc0:   0000000024584770 00000000286d06b8
0x000000001ee9edd0:   000000001e27e800 0000000800000008
0x000000001ee9ede0:   0000000000000030 000000001e27e800
0x000000001ee9edf0:   0000000000000000 0000000000000000 

Instructions: (pc=0x00000000770069a3)
0x0000000077006983:   8b 30 4c 3b cb 7c 0d b8 02 00 00 00 44 8b d0 e9
0x0000000077006993:   5e 01 00 00 4d 8b 27 49 8b 4e 08 49 8b 44 24 08
0x00000000770069a3:   0f b7 51 22 48 8b 49 08 44 0f b7 40 22 48 8b 40
0x00000000770069b3:   08 4a 8b 44 c0 50 48 39 44 d1 50 49 8b 44 24 08 


Register to memory mapping:

RAX=0x0000000026202020 is pointing into metadata
RBX=0x0000000000000004 is an unknown value
RCX=0x0000000000000000 is an unknown value
RDX=0x0000000000000002 is an unknown value
RSP=0x000000001ee9ed00 is pointing into the stack for thread: 0x000000001e27e800
RBP=0x000000001ee9ee00 is pointing into the stack for thread: 0x000000001e27e800
RSI=0x000000001e27e800 is a thread
RDI=0x00000000286d3fc8 is pointing into metadata
R8 =0x0000000000000004 is an unknown value
R9 =0x0000000000000002 is an unknown value
R10=0x0000000000000003 is an unknown value
R11=0x0000000000000002 is an unknown value
R12={method} {0x00000000260c98b8} 'mostrarBuscarDJ' '(Ljava/lang/String;Ljava/lang/String;Ljava/lang/String;Ljava/lang/String;Ljava/lang/String;Ljava/lang/String;Ljava/lang/String;Ljava/lang/String;Ljava/lang/Integer;Lorg/springframework/ui/Model;)Ljava/lang/String;' in 'com/kemal/spring/web/controllers/viewControllers/MostrarRetribucionController'
R13=0x0000000000007eff is an unknown value
R14=0x00000000261fe370 is pointing into metadata
R15=0x00000000286d3fc0 is pointing into metadata


Stack: [0x000000001eda0000,0x000000001eea0000],  sp=0x000000001ee9ed00,  free space=1019k
Native frames: (J=compiled Java code, j=interpreted, Vv=VM code, C=native code)
V  [jvm.dll+0x1c69a3]
V  [jvm.dll+0x1cdb77]
V  [jvm.dll+0x1ce5a2]
V  [jvm.dll+0x24c2d0]
V  [jvm.dll+0x1a5171]
V  [jvm.dll+0x34e3b4]
C  [jdwp.dll+0x9e6b]
C  [jdwp.dll+0xf15d]
C  [jdwp.dll+0x1f5c9]
C  [jdwp.dll+0x1f79e]
V  [jvm.dll+0x1be6da]
V  [jvm.dll+0x2466ff]
V  [jvm.dll+0x29fc6a]
C  [msvcr100.dll+0x21d9f]
C  [msvcr100.dll+0x21e3b]
C  [KERNEL32.DLL+0x17bd4]
C  [ntdll.dll+0x6ce71]


---------------  P R O C E S S  ---------------

Java Threads: ( => current thread )
  0x00000000236e5800 JavaThread "restartedMain" [_thread_blocked, id=48576, stack(0x0000000023ca0000,0x0000000023da0000)]
  0x00000000236ed000 JavaThread "Thread-100" [_thread_blocked, id=41360, stack(0x0000000000970000,0x0000000000a70000)]
  0x00000000236ee800 JavaThread "DestroyJavaVM" [_thread_blocked, id=14804, stack(0x00000000026e0000,0x00000000027e0000)]
  0x0000000022e57000 JavaThread "Live Reload Server" daemon [_thread_in_native, id=16260, stack(0x00000000259a0000,0x0000000025aa0000)]
  0x0000000022e5a800 JavaThread "Abandoned connection cleanup thread" daemon [_thread_blocked, id=30948, stack(0x0000000023fa0000,0x00000000240a0000)]
  0x000000001f9f6800 JavaThread "RMI TCP Accept-0" daemon [_thread_in_native, id=6288, stack(0x000000001ffa0000,0x00000000200a0000)]
  0x000000001f9f2000 JavaThread "RMI TCP Accept-60574" daemon [_thread_in_native, id=17052, stack(0x000000001fea0000,0x000000001ffa0000)]
  0x000000001f9df800 JavaThread "RMI TCP Accept-0" daemon [_thread_in_native, id=36020, stack(0x000000001fda0000,0x000000001fea0000)]
  0x000000001e323000 JavaThread "Service Thread" daemon [_thread_blocked, id=36032, stack(0x000000001f4a0000,0x000000001f5a0000)]
  0x000000001e2a7800 JavaThread "C1 CompilerThread3" daemon [_thread_blocked, id=18972, stack(0x000000001f3a0000,0x000000001f4a0000)]
  0x000000001e2a7000 JavaThread "C2 CompilerThread2" daemon [_thread_blocked, id=42928, stack(0x000000001f2a0000,0x000000001f3a0000)]
  0x000000001e2a4000 JavaThread "C2 CompilerThread1" daemon [_thread_blocked, id=27476, stack(0x000000001f1a0000,0x000000001f2a0000)]
  0x000000001e29f800 JavaThread "C2 CompilerThread0" daemon [_thread_blocked, id=46572, stack(0x000000001f0a0000,0x000000001f1a0000)]
  0x000000001e28e800 JavaThread "JDWP Command Reader" daemon [_thread_in_native, id=22416, stack(0x000000001efa0000,0x000000001f0a0000)]
  0x000000001e28b000 JavaThread "JDWP Event Helper Thread" daemon [_thread_blocked, id=14904, stack(0x000000001eea0000,0x000000001efa0000)]
=>0x000000001e27e800 JavaThread "JDWP Transport Listener: dt_socket" daemon [_thread_in_vm, id=31804, stack(0x000000001eda0000,0x000000001eea0000)]
  0x000000001e272000 JavaThread "Attach Listener" daemon [_thread_blocked, id=24232, stack(0x000000001e960000,0x000000001ea60000)]
  0x000000001c38e800 JavaThread "Signal Dispatcher" daemon [_thread_blocked, id=12096, stack(0x000000001e860000,0x000000001e960000)]
  0x000000001e260800 JavaThread "Finalizer" daemon [_thread_blocked, id=45152, stack(0x000000001e640000,0x000000001e740000)]
  0x000000001c37d000 JavaThread "Reference Handler" daemon [_thread_blocked, id=28900, stack(0x000000001e140000,0x000000001e240000)]

Other Threads:
  0x00000000028de800 VMThread [stack: 0x000000001e040000,0x000000001e140000] [id=31628]
  0x000000001f9fe000 WatcherThread [stack: 0x00000000200a0000,0x00000000201a0000] [id=45888]

VM state:synchronizing (normal execution)

VM Mutex/Monitor currently owned by a thread:  ([mutex/lock_event])
[0x00000000027e6700] Threads_lock - owner thread: 0x00000000028de800
[0x00000000027e6180] Heap_lock - owner thread: 0x00000000236e5800

heap address: 0x00000006c1600000, size: 4074 MB, Compressed Oops mode: Zero based, Oop shift amount: 3
Narrow klass base: 0x0000000000000000, Narrow klass shift: 3
Compressed class space size: 1073741824 Address: 0x00000007c0000000

Heap:
 PSYoungGen      total 167424K, used 143867K [0x000000076b200000, 0x0000000776d80000, 0x00000007c0000000)
  eden space 143872K, 99% used [0x000000076b200000,0x0000000773e7eec8,0x0000000773e80000)
  from space 23552K, 0% used [0x0000000775680000,0x0000000775680000,0x0000000776d80000)
  to   space 24064K, 0% used [0x0000000773e80000,0x0000000773e80000,0x0000000775600000)
 ParOldGen       total 255488K, used 60507K [0x00000006c1600000, 0x00000006d0f80000, 0x000000076b200000)
  object space 255488K, 23% used [0x00000006c1600000,0x00000006c5116cd8,0x00000006d0f80000)
 Metaspace       used 95226K, capacity 100732K, committed 100992K, reserved 1138688K
  class space    used 11107K, capacity 12068K, committed 12160K, reserved 1048576K

Card table byte_map: [0x0000000011ca0000,0x00000000124a0000] byte_map_base: 0x000000000e695000

Marking Bits: (ParMarkBitMap*) 0x0000000077665ce0
 Begin Bits: [0x00000000131f0000, 0x0000000017198000)
 End Bits:   [0x0000000017198000, 0x000000001b140000)

Polling page: 0x0000000000d30000

CodeCache: size=245760Kb used=34872Kb max_used=34872Kb free=210887Kb
 bounds [0x00000000028e0000, 0x0000000004b00000, 0x00000000118e0000]
 total_blobs=16807 nmethods=16211 adapters=514
 compilation: enabled

Compilation events (10 events):
Event: 61814.460 Thread 0x000000001e2a7800 16512       1       org.springframework.boot.context.properties.bind.Binder$$Lambda$247/930690193::get$Lambda (9 bytes)
Event: 61814.460 Thread 0x000000001e2a7800 nmethod 16512 0x0000000004af4fd0 code [0x0000000004af5120, 0x0000000004af5270]
Event: 61814.460 Thread 0x000000001e2a7800 16513       1       org.springframework.boot.context.properties.bind.JavaBeanBinder$Bean$$Lambda$257/299953741::get (12 bytes)
Event: 61814.461 Thread 0x000000001e2a7800 nmethod 16513 0x0000000004af5310 code [0x0000000004af5480, 0x0000000004af5638]
Event: 61814.462 Thread 0x000000001e2a7800 16514       1       org.springframework.boot.context.properties.bind.Binder$$Lambda$251/1163074656::test (5 bytes)
Event: 61814.462 Thread 0x000000001e2a7800 nmethod 16514 0x0000000004af5790 code [0x0000000004af58e0, 0x0000000004af5a10]
Event: 61814.475 Thread 0x000000001e2a7800 16515       1       org.springframework.boot.context.properties.PropertyMapper$Source::whenNonNull (24 bytes)
Event: 61814.475 Thread 0x000000001e2a7800 nmethod 16515 0x0000000004af5a90 code [0x0000000004af5be0, 0x0000000004af5df0]
Event: 61814.475 Thread 0x000000001e2a7800 16516       1       org.springframework.boot.context.properties.PropertyMapper$NullPointerExceptionSafeSupplier::<init> (10 bytes)
Event: 61814.476 Thread 0x000000001e2a7800 nmethod 16516 0x0000000004af5ed0 code [0x0000000004af6020, 0x0000000004af6150]

GC Heap History (10 events):
Event: 61386.345 GC heap before
{Heap before GC invocations=564 (full 19):
 PSYoungGen      total 161792K, used 152432K [0x000000076b200000, 0x0000000776700000, 0x00000007c0000000)
  eden space 141312K, 100% used [0x000000076b200000,0x0000000773c00000,0x0000000773c00000)
  from space 20480K, 54% used [0x0000000775300000,0x0000000775ddc110,0x0000000776700000)
  to   space 22016K, 0% used [0x0000000773c00000,0x0000000773c00000,0x0000000775180000)
 ParOldGen       total 255488K, used 58643K [0x00000006c1600000, 0x00000006d0f80000, 0x000000076b200000)
  object space 255488K, 22% used [0x00000006c1600000,0x00000006c4f44cb0,0x00000006d0f80000)
 Metaspace       used 94295K, capacity 99620K, committed 99840K, reserved 1136640K
  class space    used 11023K, capacity 11958K, committed 12032K, reserved 1048576K
Event: 61386.352 GC heap after
Heap after GC invocations=564 (full 19):
 PSYoungGen      total 163328K, used 17304K [0x000000076b200000, 0x0000000777000000, 0x00000007c0000000)
  eden space 141312K, 0% used [0x000000076b200000,0x000000076b200000,0x0000000773c00000)
  from space 22016K, 78% used [0x0000000773c00000,0x0000000774ce61b0,0x0000000775180000)
  to   space 23040K, 0% used [0x0000000775980000,0x0000000775980000,0x0000000777000000)
 ParOldGen       total 255488K, used 58651K [0x00000006c1600000, 0x00000006d0f80000, 0x000000076b200000)
  object space 255488K, 22% used [0x00000006c1600000,0x00000006c4f46cb0,0x00000006d0f80000)
 Metaspace       used 94295K, capacity 99620K, committed 99840K, reserved 1136640K
  class space    used 11023K, capacity 11958K, committed 12032K, reserved 1048576K
}
Event: 61477.899 GC heap before
{Heap before GC invocations=565 (full 19):
 PSYoungGen      total 163328K, used 158616K [0x000000076b200000, 0x0000000777000000, 0x00000007c0000000)
  eden space 141312K, 100% used [0x000000076b200000,0x0000000773c00000,0x0000000773c00000)
  from space 22016K, 78% used [0x0000000773c00000,0x0000000774ce61b0,0x0000000775180000)
  to   space 23040K, 0% used [0x0000000775980000,0x0000000775980000,0x0000000777000000)
 ParOldGen       total 255488K, used 58651K [0x00000006c1600000, 0x00000006d0f80000, 0x000000076b200000)
  object space 255488K, 22% used [0x00000006c1600000,0x00000006c4f46cb0,0x00000006d0f80000)
 Metaspace       used 94496K, capacity 99856K, committed 100096K, reserved 1136640K
  class space    used 11035K, capacity 11992K, committed 12032K, reserved 1048576K
Event: 61477.910 GC heap after
Heap after GC invocations=565 (full 19):
 PSYoungGen      total 169984K, used 18054K [0x000000076b200000, 0x0000000777080000, 0x00000007c0000000)
  eden space 146944K, 0% used [0x000000076b200000,0x000000076b200000,0x0000000774180000)
  from space 23040K, 78% used [0x0000000775980000,0x0000000776b219f8,0x0000000777000000)
  to   space 24064K, 0% used [0x0000000774180000,0x0000000774180000,0x0000000775900000)
 ParOldGen       total 255488K, used 58659K [0x00000006c1600000, 0x00000006d0f80000, 0x000000076b200000)
  object space 255488K, 22% used [0x00000006c1600000,0x00000006c4f48cb0,0x00000006d0f80000)
 Metaspace       used 94496K, capacity 99856K, committed 100096K, reserved 1136640K
  class space    used 11035K, capacity 11992K, committed 12032K, reserved 1048576K
}
Event: 61664.497 GC heap before
{Heap before GC invocations=566 (full 19):
 PSYoungGen      total 169984K, used 164998K [0x000000076b200000, 0x0000000777080000, 0x00000007c0000000)
  eden space 146944K, 100% used [0x000000076b200000,0x0000000774180000,0x0000000774180000)
  from space 23040K, 78% used [0x0000000775980000,0x0000000776b219f8,0x0000000777000000)
  to   space 24064K, 0% used [0x0000000774180000,0x0000000774180000,0x0000000775900000)
 ParOldGen       total 255488K, used 58659K [0x00000006c1600000, 0x00000006d0f80000, 0x000000076b200000)
  object space 255488K, 22% used [0x00000006c1600000,0x00000006c4f48cb0,0x00000006d0f80000)
 Metaspace       used 94523K, capacity 99958K, committed 100096K, reserved 1136640K
  class space    used 11041K, capacity 11999K, committed 12032K, reserved 1048576K
Event: 61664.507 GC heap after
Heap after GC invocations=566 (full 19):
 PSYoungGen      total 162304K, used 18202K [0x000000076b200000, 0x0000000776e80000, 0x00000007c0000000)
  eden space 143872K, 0% used [0x000000076b200000,0x000000076b200000,0x0000000773e80000)
  from space 18432K, 98% used [0x0000000774180000,0x00000007753469a0,0x0000000775380000)
  to   space 24576K, 0% used [0x0000000775680000,0x0000000775680000,0x0000000776e80000)
 ParOldGen       total 255488K, used 58659K [0x00000006c1600000, 0x00000006d0f80000, 0x000000076b200000)
  object space 255488K, 22% used [0x00000006c1600000,0x00000006c4f48cb0,0x00000006d0f80000)
 Metaspace       used 94523K, capacity 99958K, committed 100096K, reserved 1136640K
  class space    used 11041K, capacity 11999K, committed 12032K, reserved 1048576K
}
Event: 61813.379 GC heap before
{Heap before GC invocations=567 (full 19):
 PSYoungGen      total 162304K, used 115807K [0x000000076b200000, 0x0000000776e80000, 0x00000007c0000000)
  eden space 143872K, 67% used [0x000000076b200000,0x0000000771151268,0x0000000773e80000)
  from space 18432K, 98% used [0x0000000774180000,0x00000007753469a0,0x0000000775380000)
  to   space 24576K, 0% used [0x0000000775680000,0x0000000775680000,0x0000000776e80000)
 ParOldGen       total 255488K, used 58659K [0x00000006c1600000, 0x00000006d0f80000, 0x000000076b200000)
  object space 255488K, 22% used [0x00000006c1600000,0x00000006c4f48cb0,0x00000006d0f80000)
 Metaspace       used 94763K, capacity 100250K, committed 100352K, reserved 1138688K
  class space    used 11053K, capacity 12006K, committed 12032K, reserved 1048576K
Event: 61813.385 GC heap after
Heap after GC invocations=567 (full 19):
 PSYoungGen      total 167424K, used 12188K [0x000000076b200000, 0x0000000776d80000, 0x00000007c0000000)
  eden space 143872K, 0% used [0x000000076b200000,0x000000076b200000,0x0000000773e80000)
  from space 23552K, 51% used [0x0000000775680000,0x0000000776267328,0x0000000776d80000)
  to   space 24064K, 0% used [0x0000000773e80000,0x0000000773e80000,0x0000000775600000)
 ParOldGen       total 255488K, used 58667K [0x00000006c1600000, 0x00000006d0f80000, 0x000000076b200000)
  object space 255488K, 22% used [0x00000006c1600000,0x00000006c4f4acb0,0x00000006d0f80000)
 Metaspace       used 94763K, capacity 100250K, committed 100352K, reserved 1138688K
  class space    used 11053K, capacity 12006K, committed 12032K, reserved 1048576K
}
Event: 61813.385 GC heap before
{Heap before GC invocations=568 (full 20):
 PSYoungGen      total 167424K, used 12188K [0x000000076b200000, 0x0000000776d80000, 0x00000007c0000000)
  eden space 143872K, 0% used [0x000000076b200000,0x000000076b200000,0x0000000773e80000)
  from space 23552K, 51% used [0x0000000775680000,0x0000000776267328,0x0000000776d80000)
  to   space 24064K, 0% used [0x0000000773e80000,0x0000000773e80000,0x0000000775600000)
 ParOldGen       total 255488K, used 58667K [0x00000006c1600000, 0x00000006d0f80000, 0x000000076b200000)
  object space 255488K, 22% used [0x00000006c1600000,0x00000006c4f4acb0,0x00000006d0f80000)
 Metaspace       used 94763K, capacity 100250K, committed 100352K, reserved 1138688K
  class space    used 11053K, capacity 12006K, committed 12032K, reserved 1048576K
Event: 61813.685 GC heap after
Heap after GC invocations=568 (full 20):
 PSYoungGen      total 167424K, used 0K [0x000000076b200000, 0x0000000776d80000, 0x00000007c0000000)
  eden space 143872K, 0% used [0x000000076b200000,0x000000076b200000,0x0000000773e80000)
  from space 23552K, 0% used [0x0000000775680000,0x0000000775680000,0x0000000776d80000)
  to   space 24064K, 0% used [0x0000000773e80000,0x0000000773e80000,0x0000000775600000)
 ParOldGen       total 255488K, used 60507K [0x00000006c1600000, 0x00000006d0f80000, 0x000000076b200000)
  object space 255488K, 23% used [0x00000006c1600000,0x00000006c5116cd8,0x00000006d0f80000)
 Metaspace       used 94730K, capacity 100196K, committed 100352K, reserved 1138688K
  class space    used 11048K, capacity 11996K, committed 12032K, reserved 1048576K
}

Deoptimization events (0 events):
No events

Classes redefined (10 events):
Event: 61811.987 Thread 0x00000000028de800 redefined class name=com.kemal.spring.web.controllers.viewControllers.MostrarRetribucionController, count=8
Event: 61812.032 Thread 0x00000000028de800 redefined class name=com.kemal.spring.web.controllers.viewControllers.MostrarRetribucionController, count=10
Event: 61812.078 Thread 0x00000000028de800 redefined class name=com.kemal.spring.web.controllers.viewControllers.MostrarRetribucionController, count=2
Event: 61812.122 Thread 0x00000000028de800 redefined class name=com.kemal.spring.web.controllers.viewControllers.MostrarRetribucionController, count=1
Event: 61812.166 Thread 0x00000000028de800 redefined class name=com.kemal.spring.web.controllers.viewControllers.MostrarRetribucionController, count=1
Event: 61812.210 Thread 0x00000000028de800 redefined class name=com.kemal.spring.web.controllers.viewControllers.MostrarRetribucionController, count=1
Event: 61812.258 Thread 0x00000000028de800 redefined class name=com.kemal.spring.web.controllers.viewControllers.MostrarRetribucionController, count=3
Event: 61812.302 Thread 0x00000000028de800 redefined class name=com.kemal.spring.web.controllers.viewControllers.MostrarRetribucionController, count=4
Event: 61812.346 Thread 0x00000000028de800 redefined class name=com.kemal.spring.web.controllers.viewControllers.MostrarRetribucionController, count=7
Event: 61812.390 Thread 0x00000000028de800 redefined class name=com.kemal.spring.web.controllers.viewControllers.MostrarRetribucionController, count=5

Internal exceptions (10 events):
Event: 61814.386 Thread 0x00000000236e5800 Exception <a 'java/lang/ArrayIndexOutOfBoundsException'> (0x0000000772ccffe0) thrown at [C:\re\workspace\8-2-build-windows-amd64-cygwin\jdk8u211\12973\hotspot\src\share\vm\runtime\sharedRuntime.cpp, line 605]
Event: 61814.386 Thread 0x00000000236e5800 Exception <a 'java/lang/ArrayIndexOutOfBoundsException'> (0x0000000772cd10b8) thrown at [C:\re\workspace\8-2-build-windows-amd64-cygwin\jdk8u211\12973\hotspot\src\share\vm\runtime\sharedRuntime.cpp, line 605]
Event: 61814.423 Thread 0x00000000236e5800 Exception <a 'java/lang/ArrayIndexOutOfBoundsException'> (0x0000000772fc6c18) thrown at [C:\re\workspace\8-2-build-windows-amd64-cygwin\jdk8u211\12973\hotspot\src\share\vm\runtime\sharedRuntime.cpp, line 605]
Event: 61814.427 Thread 0x00000000236e5800 Exception <a 'java/lang/ArrayIndexOutOfBoundsException'> (0x0000000773019e58) thrown at [C:\re\workspace\8-2-build-windows-amd64-cygwin\jdk8u211\12973\hotspot\src\share\vm\runtime\sharedRuntime.cpp, line 605]
Event: 61814.450 Thread 0x00000000236e5800 Exception <a 'java/lang/ArrayIndexOutOfBoundsException'> (0x00000007731ce1c0) thrown at [C:\re\workspace\8-2-build-windows-amd64-cygwin\jdk8u211\12973\hotspot\src\share\vm\runtime\sharedRuntime.cpp, line 605]
Event: 61814.453 Thread 0x00000000236e5800 Exception <a 'java/lang/ArrayIndexOutOfBoundsException'> (0x00000007731eeb30) thrown at [C:\re\workspace\8-2-build-windows-amd64-cygwin\jdk8u211\12973\hotspot\src\share\vm\runtime\sharedRuntime.cpp, line 605]
Event: 61814.461 Thread 0x00000000236e5800 Exception <a 'java/lang/ArrayIndexOutOfBoundsException'> (0x0000000773254e00) thrown at [C:\re\workspace\8-2-build-windows-amd64-cygwin\jdk8u211\12973\hotspot\src\share\vm\runtime\sharedRuntime.cpp, line 605]
Event: 61814.462 Thread 0x00000000236e5800 Exception <a 'java/lang/ArrayIndexOutOfBoundsException'> (0x0000000773268558) thrown at [C:\re\workspace\8-2-build-windows-amd64-cygwin\jdk8u211\12973\hotspot\src\share\vm\runtime\sharedRuntime.cpp, line 605]
Event: 61814.462 Thread 0x00000000236e5800 Exception <a 'java/lang/ArrayIndexOutOfBoundsException'> (0x0000000773276b20) thrown at [C:\re\workspace\8-2-build-windows-amd64-cygwin\jdk8u211\12973\hotspot\src\share\vm\runtime\sharedRuntime.cpp, line 605]
Event: 61814.479 Thread 0x00000000236e5800 Exception <a 'java/lang/ArrayIndexOutOfBoundsException'> (0x00000007733e5438) thrown at [C:\re\workspace\8-2-build-windows-amd64-cygwin\jdk8u211\12973\hotspot\src\share\vm\runtime\sharedRuntime.cpp, line 605]

Events (10 events):
Event: 61814.498 Thread 0x00000000236e5800 DEOPT UNPACKING pc=0x0000000002927890 sp=0x0000000023d9d950 mode 1
Event: 61814.498 Thread 0x00000000236e5800 DEOPT PACKING pc=0x0000000003884744 sp=0x0000000023d9dc80
Event: 61814.498 Thread 0x00000000236e5800 DEOPT UNPACKING pc=0x0000000002927890 sp=0x0000000023d9da48 mode 1
Event: 61814.498 Thread 0x00000000236e5800 DEOPT PACKING pc=0x0000000002ae59d1 sp=0x0000000023d9dbc0
Event: 61814.498 Thread 0x00000000236e5800 DEOPT UNPACKING pc=0x0000000002927890 sp=0x0000000023d9d910 mode 1
Event: 61814.498 Thread 0x00000000236e5800 DEOPT PACKING pc=0x0000000002c90344 sp=0x0000000023d9dc40
Event: 61814.498 Thread 0x00000000236e5800 DEOPT UNPACKING pc=0x0000000002927890 sp=0x0000000023d9d970 mode 1
Event: 61814.498 Thread 0x00000000236e5800 DEOPT PACKING pc=0x0000000003884744 sp=0x0000000023d9dca0
Event: 61814.498 Thread 0x00000000236e5800 DEOPT UNPACKING pc=0x0000000002927890 sp=0x0000000023d9da68 mode 1
Event: 61814.516 Executing VM operation: ParallelGCFailedAllocation


Dynamic libraries:
0x00007ff6b2ac0000 - 0x00007ff6b2af7000 	C:\Program Files\Java\jre1.8.0_211\bin\javaw.exe
0x00007ff8d1740000 - 0x00007ff8d1930000 	C:\WINDOWS\SYSTEM32\ntdll.dll
0x00007ff8d1140000 - 0x00007ff8d11f2000 	C:\WINDOWS\System32\KERNEL32.DLL
0x00007ff8cf1f0000 - 0x00007ff8cf493000 	C:\WINDOWS\System32\KERNELBASE.dll
0x00007ff8d07e0000 - 0x00007ff8d0883000 	C:\WINDOWS\System32\ADVAPI32.dll
0x00007ff8d0710000 - 0x00007ff8d07ae000 	C:\WINDOWS\System32\msvcrt.dll
0x00007ff8d0670000 - 0x00007ff8d0707000 	C:\WINDOWS\System32\sechost.dll
0x00007ff8d1410000 - 0x00007ff8d1530000 	C:\WINDOWS\System32\RPCRT4.dll
0x00007ff8d0fa0000 - 0x00007ff8d1133000 	C:\WINDOWS\System32\USER32.dll
0x00007ff8cf020000 - 0x00007ff8cf041000 	C:\WINDOWS\System32\win32u.dll
0x00007ff8d15d0000 - 0x00007ff8d15f6000 	C:\WINDOWS\System32\GDI32.dll
0x00007ff8cf620000 - 0x00007ff8cf7b4000 	C:\WINDOWS\System32\gdi32full.dll
0x00007ff8cf580000 - 0x00007ff8cf61e000 	C:\WINDOWS\System32\msvcp_win.dll
0x00007ff8cf050000 - 0x00007ff8cf14a000 	C:\WINDOWS\System32\ucrtbase.dll
0x00007ff8bd3e0000 - 0x00007ff8bd665000 	C:\WINDOWS\WinSxS\amd64_microsoft.windows.common-controls_6595b64144ccf1df_6.0.18362.295_none_e6c3acbd13101292\COMCTL32.dll
0x00007ff8cf7c0000 - 0x00007ff8cfaf6000 	C:\WINDOWS\System32\combase.dll
0x00007ff8cf4a0000 - 0x00007ff8cf520000 	C:\WINDOWS\System32\bcryptPrimitives.dll
0x00007ff8d1530000 - 0x00007ff8d155e000 	C:\WINDOWS\System32\IMM32.DLL
0x0000000077f20000 - 0x0000000077ff2000 	C:\Program Files\Java\jre1.8.0_211\bin\msvcr100.dll
0x0000000076e40000 - 0x00000000776e5000 	C:\Program Files\Java\jre1.8.0_211\bin\server\jvm.dll
0x00007ff8d0f90000 - 0x00007ff8d0f98000 	C:\WINDOWS\System32\PSAPI.DLL
0x00007ff8c69b0000 - 0x00007ff8c69ba000 	C:\WINDOWS\SYSTEM32\VERSION.dll
0x00007ff8cc560000 - 0x00007ff8cc584000 	C:\WINDOWS\SYSTEM32\WINMM.dll
0x00007ff8b8e80000 - 0x00007ff8b8e89000 	C:\WINDOWS\SYSTEM32\WSOCK32.dll
0x00007ff8d1560000 - 0x00007ff8d15cf000 	C:\WINDOWS\System32\WS2_32.dll
0x00007ff8cc420000 - 0x00007ff8cc44d000 	C:\WINDOWS\SYSTEM32\winmmbase.dll
0x00007ff8cf180000 - 0x00007ff8cf1ca000 	C:\WINDOWS\System32\cfgmgr32.dll
0x00007ff8c48b0000 - 0x00007ff8c48bf000 	C:\Program Files\Java\jre1.8.0_211\bin\verify.dll
0x00007ff8bf9e0000 - 0x00007ff8bfa09000 	C:\Program Files\Java\jre1.8.0_211\bin\java.dll
0x00007ff8bd340000 - 0x00007ff8bd375000 	C:\Program Files\Java\jre1.8.0_211\bin\jdwp.dll
0x00007ff8c1030000 - 0x00007ff8c1038000 	C:\Program Files\Java\jre1.8.0_211\bin\npt.dll
0x00007ff8c0410000 - 0x00007ff8c0426000 	C:\Program Files\Java\jre1.8.0_211\bin\zip.dll
0x00007ff8cfb00000 - 0x00007ff8d01e2000 	C:\WINDOWS\System32\SHELL32.dll
0x00007ff8d05c0000 - 0x00007ff8d0669000 	C:\WINDOWS\System32\shcore.dll
0x00007ff8ce7f0000 - 0x00007ff8cef6c000 	C:\WINDOWS\System32\windows.storage.dll
0x00007ff8ce680000 - 0x00007ff8ce69f000 	C:\WINDOWS\System32\profapi.dll
0x00007ff8ce610000 - 0x00007ff8ce65a000 	C:\WINDOWS\System32\powrprof.dll
0x00007ff8ce5e0000 - 0x00007ff8ce5f0000 	C:\WINDOWS\System32\UMPDC.dll
0x00007ff8d12f0000 - 0x00007ff8d1342000 	C:\WINDOWS\System32\shlwapi.dll
0x00007ff8ce5f0000 - 0x00007ff8ce601000 	C:\WINDOWS\System32\kernel.appcore.dll
0x00007ff8cf1d0000 - 0x00007ff8cf1e7000 	C:\WINDOWS\System32\cryptsp.dll
0x00007ff8c09e0000 - 0x00007ff8c09e9000 	C:\Program Files\Java\jre1.8.0_211\bin\dt_socket.dll
0x00007ff8c9e60000 - 0x00007ff8c9e76000 	C:\WINDOWS\system32\napinsp.dll
0x00007ff8c9e40000 - 0x00007ff8c9e5a000 	C:\WINDOWS\system32\pnrpnsp.dll
0x00007ff8cddf0000 - 0x00007ff8cde57000 	C:\WINDOWS\System32\mswsock.dll
0x00007ff8cdb50000 - 0x00007ff8cdc1a000 	C:\WINDOWS\SYSTEM32\DNSAPI.dll
0x00007ff8d07d0000 - 0x00007ff8d07d8000 	C:\WINDOWS\System32\NSI.dll
0x00007ff8cdb00000 - 0x00007ff8cdb3a000 	C:\WINDOWS\SYSTEM32\IPHLPAPI.DLL
0x00007ff8c6a80000 - 0x00007ff8c6a8e000 	C:\WINDOWS\System32\winrnr.dll
0x00007ff8c7850000 - 0x00007ff8c786c000 	C:\WINDOWS\system32\NLAapi.dll
0x00007ff8c8cd0000 - 0x00007ff8c8ce5000 	C:\WINDOWS\system32\wshbth.dll
0x00007ff8c9d30000 - 0x00007ff8c9da7000 	C:\WINDOWS\System32\fwpuclnt.dll
0x00007ff8cf150000 - 0x00007ff8cf176000 	C:\WINDOWS\System32\bcrypt.dll
0x00007ff8c5fb0000 - 0x00007ff8c5fba000 	C:\Windows\System32\rasadhlp.dll
0x00007ff8c05a0000 - 0x00007ff8c05ad000 	C:\Program Files\Java\jre1.8.0_211\bin\management.dll
0x00007ff8bfc70000 - 0x00007ff8bfc8a000 	C:\Program Files\Java\jre1.8.0_211\bin\net.dll
0x00007ff8be8e0000 - 0x00007ff8beab6000 	C:\WINDOWS\SYSTEM32\urlmon.dll
0x00007ff8bf060000 - 0x00007ff8bf306000 	C:\WINDOWS\SYSTEM32\iertutil.dll
0x00007ff8cdfc0000 - 0x00007ff8cdfcc000 	C:\WINDOWS\SYSTEM32\CRYPTBASE.DLL
0x00007ff8bf900000 - 0x00007ff8bf912000 	C:\Program Files\Java\jre1.8.0_211\bin\nio.dll
0x00007ff8cd960000 - 0x00007ff8cd993000 	C:\WINDOWS\system32\rsaenh.dll
0x00007ff8ce4d0000 - 0x00007ff8ce4f5000 	C:\WINDOWS\SYSTEM32\USERENV.dll
0x00007ff8c96e0000 - 0x00007ff8c96f6000 	C:\WINDOWS\SYSTEM32\dhcpcsvc6.DLL
0x00007ff8c96c0000 - 0x00007ff8c96dc000 	C:\WINDOWS\SYSTEM32\dhcpcsvc.DLL
0x00007ff8cd1f0000 - 0x00007ff8cd3e4000 	C:\WINDOWS\SYSTEM32\dbghelp.dll

VM Arguments:
jvm_args: -agentlib:jdwp=transport=dt_socket,suspend=y,address=localhost:60575 -Dcom.sun.management.jmxremote -Dcom.sun.management.jmxremote.port=60574 -Dcom.sun.management.jmxremote.authenticate=false -Dcom.sun.management.jmxremote.ssl=false -Djava.rmi.server.hostname=localhost -Dspring.jmx.enabled=true -Dspring.liveBeansView.mbeanDomain -Dspring.application.admin.enabled=true -Xverify:none -XX:TieredStopAtLevel=1 -Dfile.encoding=UTF-8 
java_command: com.kemal.spring.SpringThymeleafJpaApplication --spring.output.ansi.enabled=always
java_class_path (initial): T:\INFORME_RETRIBUCION\RETRI\REPOSITORIO\spring-jpa-thymeleaf-bootstrap-master\target\classes;C:\Users\consultor_jti07\.m2\repository\org\springframework\boot\spring-boot-starter-data-rest\2.0.2.RELEASE\spring-boot-starter-data-rest-2.0.2.RELEASE.jar;C:\Users\consultor_jti07\.m2\repository\org\springframework\boot\spring-boot-starter\2.0.2.RELEASE\spring-boot-starter-2.0.2.RELEASE.jar;C:\Users\consultor_jti07\.m2\repository\org\springframework\boot\spring-boot-starter-logging\2.0.2.RELEASE\spring-boot-starter-logging-2.0.2.RELEASE.jar;C:\Users\consultor_jti07\.m2\repository\ch\qos\logback\logback-classic\1.2.3\logback-classic-1.2.3.jar;C:\Users\consultor_jti07\.m2\repository\ch\qos\logback\logback-core\1.2.3\logback-core-1.2.3.jar;C:\Users\consultor_jti07\.m2\repository\org\apache\logging\log4j\log4j-to-slf4j\2.10.0\log4j-to-slf4j-2.10.0.jar;C:\Users\consultor_jti07\.m2\repository\org\apache\logging\log4j\log4j-api\2.10.0\log4j-api-2.10.0.jar;C:\Users\consultor_jti07\.m2\repository\org\slf4j\jul-to-slf4j\1.7.25\jul-to-slf4j-1.7.25.jar;C:\Users\consultor_jti07\.m2\repository\javax\annotation\javax.annotation-api\1.3.2\javax.annotation-api-1.3.2.jar;C:\Users\consultor_jti07\.m2\repository\org\yaml\snakeyaml\1.19\snakeyaml-1.19.jar;C:\Users\consultor_jti07\.m2\repository\org\springframework\boot\spring-boot-starter-json\2.0.2.RELEASE\spring-boot-starter-json-2.0.2.RELEASE.jar;C:\Users\consultor_jti07\.m2\repository\com\fasterxml\jackson\datatype\jackson-datatype-jdk8\2.9.5\jackson-datatype-jdk8-2.9.5.jar;C:\Users\consultor_jti07\.m2\repository\com\fasterxml\jackson\datatype\jackson-datatype-jsr310\2.9.5\jackson-datatype-jsr310-2.9.5.jar;C:\Users\consultor_jti07\.m2\repository\com\fasterxml\jackson\module\jackson-module-parameter-names\2.9.5\jackson-module-parameter-names-2.9.5.jar;C:\Users\consultor_jti07\.m2\repository\org\springframework\data\spring-data-rest-webmvc\3.0.7.RELEASE\spring-data-rest-webmvc-3.0.7.RELEASE.jar;C:\Users\consulto
Launcher Type: SUN_STANDARD

Environment Variables:
JAVA_HOME=C:\Program Files\Java\jdk1.7.0_55
PATH=C:\OraHome_1;T:\apps\product\11.2.0\client_1\bin;C:\oraclexe\app\oracle\product\11.2.0\server\bin;C:\app\consultor_jti07\product\11.2.0\client_1\bin;C:\Program Files (x86)\Common Files\Oracle\Java\javapath;C:\Program Files (x86)\Intel\iCLS Client\;C:\Program Files\Intel\iCLS Client\;C:\WINDOWS\system32;C:\WINDOWS;C:\WINDOWS\System32\Wbem;C:\WINDOWS\System32\WindowsPowerShell\v1.0\;C:\Program Files (x86)\Intel\Intel(R) Management Engine Components\DAL;C:\Program Files\Intel\Intel(R) Management Engine Components\DAL;C:\Program Files (x86)\Intel\Intel(R) Management Engine Components\IPT;C:\Program Files\Intel\Intel(R) Management Engine Components\IPT;C:\Program Files\TortoiseSVN\bin;C:\apache-maven-3.3.9\bin;C:\Program Files\PuTTY\;C:\WINDOWS\System32\OpenSSH\;C:\Program Files\Intel\WiFi\bin\;C:\Program Files\Java\jdk1.7.0_55\bin;C:\xampp\php;C:\Program Files\Git\cmd;C:\Program Files\Common Files\Intel\WirelessCommon\;C:\Users\consultor_jti07\AppData\Local\Microsoft\WindowsApps;
USERNAME=consultor_jti07
OS=Windows_NT
PROCESSOR_IDENTIFIER=Intel64 Family 6 Model 158 Stepping 9, GenuineIntel



---------------  S Y S T E M  ---------------

OS: Windows 10.0 , 64 bit Build 18362 (10.0.18362.86)

CPU:total 8 (initial active 8) (4 cores per cpu, 2 threads per core) family 6 model 158 stepping 9, cmov, cx8, fxsr, mmx, sse, sse2, sse3, ssse3, sse4.1, sse4.2, popcnt, avx, avx2, aes, clmul, erms, rtm, 3dnowpref, lzcnt, ht, tsc, tscinvbit, bmi1, bmi2, adx

Memory: 4k page, physical 16682244k(9905364k free), swap 19172612k(11045696k free)

vm_info: Java HotSpot(TM) 64-Bit Server VM (25.211-b12) for windows-amd64 JRE (1.8.0_211-b12), built on Apr  1 2019 20:53:26 by "java_re" with MS VC++ 10.0 (VS2010)

time: Tue Sep 03 11:36:06 2019
timezone: Hora est. Pacífico, Sudamérica
elapsed time: 61814 seconds (0d 17h 10m 14s)

